2023-06-15 22:58:04,364  DEBUG Horse: Создание Horse, имя [Буцефал], скорость [2.4]
2023-06-15 22:58:04,365  DEBUG Horse: Создание Horse, имя [Туз Пик], скорость [2.5]
2023-06-15 22:58:04,365  DEBUG Horse: Создание Horse, имя [Зефир], скорость [2.6]
2023-06-15 22:58:04,365  DEBUG Horse: Создание Horse, имя [Пожар], скорость [2.7]
2023-06-15 22:58:04,365  DEBUG Horse: Создание Horse, имя [Лобстер], скорость [2.8]
2023-06-15 22:58:04,365  DEBUG Horse: Создание Horse, имя [Пегас], скорость [2.9]
2023-06-15 22:58:04,366  DEBUG Horse: Создание Horse, имя [Вишня], скорость [3.0]
2023-06-15 22:58:04,370  DEBUG Hippodrome: Создание Hippodrome, лошадей [7]
2023-06-15 22:58:04,370  INFO  Main: Начало скачек. Количество участников: 7
2023-06-15 22:58:06,428  INFO  Main: Окончание скачек. Победитель: Пегас
2023-06-15 22:58:22,906  DEBUG Horse: Создание Horse, имя [Буцефал], скорость [2.4]
2023-06-15 22:58:22,907  DEBUG Horse: Создание Horse, имя [Туз Пик], скорость [2.5]
2023-06-15 22:58:22,907  DEBUG Horse: Создание Horse, имя [Зефир], скорость [2.6]
2023-06-15 22:58:22,907  DEBUG Horse: Создание Horse, имя [Пожар], скорость [2.7]
2023-06-15 22:58:22,907  DEBUG Horse: Создание Horse, имя [Лобстер], скорость [2.8]
2023-06-15 22:58:22,907  DEBUG Horse: Создание Horse, имя [Пегас], скорость [2.9]
2023-06-15 22:58:22,907  DEBUG Horse: Создание Horse, имя [Вишня], скорость [3.0]
2023-06-15 22:58:22,913  DEBUG Hippodrome: Создание Hippodrome, лошадей [7]
2023-06-15 22:58:22,914  INFO  Main: Начало скачек. Количество участников: 7
2023-06-15 22:58:24,968  INFO  Main: Окончание скачек. Победитель: Пожар
2023-06-15 22:58:36,016  DEBUG Horse: Создание Horse, имя [Буцефал], скорость [2.4]
2023-06-15 22:58:36,016  DEBUG Horse: Создание Horse, имя [Туз Пик], скорость [2.5]
2023-06-15 22:58:36,016  DEBUG Horse: Создание Horse, имя [Зефир], скорость [2.6]
2023-06-15 22:58:36,016  DEBUG Horse: Создание Horse, имя [Пожар], скорость [2.7]
2023-06-15 22:58:36,016  DEBUG Horse: Создание Horse, имя [Лобстер], скорость [2.8]
2023-06-15 22:58:36,016  DEBUG Horse: Создание Horse, имя [Пегас], скорость [2.9]
2023-06-15 22:58:36,017  DEBUG Horse: Создание Horse, имя [Вишня], скорость [3.0]
2023-06-15 22:58:36,021  DEBUG Hippodrome: Создание Hippodrome, лошадей [7]
2023-06-15 22:58:36,021  INFO  Main: Начало скачек. Количество участников: 7
2023-06-15 22:58:38,074  INFO  Main: Окончание скачек. Победитель: Лобстер
